ERC report (2026-07-09T22:05:07, Encoding UTF8)
Report includes: Errors

***** Sheet /
[pin_not_connected]: Pin not connected
    ; error
    @(5100 mils, 1200 mils): Symbol SW1 Pin 3 [C, Passive, Line]
[pin_not_connected]: Pin not connected
    ; error
    @(6200 mils, 1300 mils): Symbol A1 Pin 2 [D0/RX, Bidirectional, Line]
[pin_not_connected]: Pin not connected
    ; error
    @(6200 mils, 1400 mils): Symbol A1 Pin 1 [D1/TX, Bidirectional, Line]
[power_pin_not_driven]: Input Power pin not driven by any Output Power pins
    ; error
    @(6600 mils, 900 mils): Symbol A1 Pin 30 [VIN, Power input, Line]
[pin_not_connected]: Pin not connected
    ; error
    @(6700 mils, 2900 mils): Symbol A1 Pin 4 [GND, Power input, Line]
[power_pin_not_driven]: Input Power pin not driven by any Output Power pins
    ; error
    @(6700 mils, 2900 mils): Symbol A1 Pin 4 [GND, Power input, Line]
[pin_not_connected]: Pin not connected
    ; error
    @(6900 mils, 900 mils): Symbol A1 Pin 27 [+5V, Power output, Line]
[power_pin_not_driven]: Input Power pin not driven by any Output Power pins
    ; error
    @(7050 mils, 5700 mils): Symbol #PWR01 Pin 1 [Power input, Line]
[pin_not_connected]: Pin not connected
    ; error
    @(7200 mils, 1300 mils): Symbol A1 Pin 28 [~{RESET}, Input, Line]
[pin_not_driven]: Input pin not driven by any Output pins
    ; error
    @(7200 mils, 1300 mils): Symbol A1 Pin 28 [~{RESET}, Input, Line]
[pin_not_connected]: Pin not connected
    ; error
    @(7200 mils, 1400 mils): Symbol A1 Pin 3 [~{RESET}, Input, Line]
[pin_not_driven]: Input pin not driven by any Output pins
    ; error
    @(7200 mils, 1400 mils): Symbol A1 Pin 3 [~{RESET}, Input, Line]
[pin_not_connected]: Pin not connected
    ; error
    @(7200 mils, 1700 mils): Symbol A1 Pin 18 [AREF, Input, Line]
[pin_not_driven]: Input pin not driven by any Output pins
    ; error
    @(7200 mils, 1700 mils): Symbol A1 Pin 18 [AREF, Input, Line]
[pin_not_connected]: Pin not connected
    ; error
    @(7200 mils, 1900 mils): Symbol A1 Pin 19 [A0, Bidirectional, Line]
[pin_not_connected]: Pin not connected
    ; error
    @(7200 mils, 2000 mils): Symbol A1 Pin 20 [A1, Bidirectional, Line]
[pin_not_connected]: Pin not connected
    ; error
    @(7200 mils, 2100 mils): Symbol A1 Pin 21 [A2, Bidirectional, Line]
[pin_not_connected]: Pin not connected
    ; error
    @(7200 mils, 2200 mils): Symbol A1 Pin 22 [A3, Bidirectional, Line]
[pin_not_connected]: Pin not connected
    ; error
    @(7200 mils, 2300 mils): Symbol A1 Pin 23 [A4, Bidirectional, Line]
[pin_not_connected]: Pin not connected
    ; error
    @(7200 mils, 2400 mils): Symbol A1 Pin 24 [A5, Bidirectional, Line]
[pin_not_connected]: Pin not connected
    ; error
    @(7200 mils, 2500 mils): Symbol A1 Pin 25 [A6, Bidirectional, Line]
[pin_not_connected]: Pin not connected
    ; error
    @(7200 mils, 2600 mils): Symbol A1 Pin 26 [A7, Bidirectional, Line]

 ** ERC messages: 22  Errors 22  Warnings 0

 ** Ignored checks:
    - Global label only appears once in the schematic
    - Four connection points are joined together
    - Assigned footprint doesn't match footprint filters
